2023-21-08 18:10:12   INFO [org.example.HomePageTest] : ----checkHomePage was started----
2023-21-08 18:10:15   INFO [org.example.HomePageTest] : Browser was opened
2023-21-08 18:10:16   INFO [org.example.HomePageTest] : Browser was closed
2023-21-08 18:10:16   INFO [org.example.HomePageTest] : ----checkHomePage was ended----
2023-21-08 18:12:25   INFO [org.example.HomePageTest] : ----checkHomePage was started----
2023-21-08 18:12:28   INFO [org.example.HomePageTest] : Browser was opened
2023-21-08 18:12:29   INFO [org.example.HomePageTest] : Browser was closed
2023-21-08 18:12:29   INFO [org.example.HomePageTest] : ----checkHomePage was ended----
2023-21-08 18:14:45   INFO [org.example.HomePageTest] : ----checkHomePage was started----
2023-21-08 18:14:49   INFO [org.example.HomePageTest] : Browser was opened
2023-21-08 18:14:50   INFO [org.example.HomePageTest] : Browser was closed
2023-21-08 18:14:50   INFO [org.example.HomePageTest] : ----checkHomePage was ended----
2023-21-08 18:16:05   INFO [org.example.HomePageTest] : ----checkHomePage was started----
2023-21-08 18:16:09   INFO [org.example.HomePageTest] : Browser was opened
2023-21-08 18:16:09   INFO [org.example.HomePageTest] : Browser was closed
2023-21-08 18:16:09   INFO [org.example.HomePageTest] : ----checkHomePage was ended----
2023-21-08 18:48:26   INFO [org.example.AllProductsPageTest] : ----checkNumberOfFilters was started----
2023-21-08 18:48:29   INFO [org.example.AllProductsPageTest] : Browser was opened
2023-21-08 18:48:47   INFO [org.example.pages.AllProductsPage] : Page https://www.mate.ua/shop was opened
2023-21-08 18:48:47   INFO [org.example.AllProductsPageTest] : All products page was opened
2023-21-08 18:48:47   INFO [org.example.AllProductsPageTest] : All filters are visible
2023-21-08 18:48:48   INFO [org.example.AllProductsPageTest] : Browser was closed
2023-21-08 18:48:48   INFO [org.example.AllProductsPageTest] : ----checkNumberOfFilters was ended----
2023-21-08 18:50:53   INFO [org.example.AllProductsPageTest] : ----checkNumberOfFilters was started----
2023-21-08 18:50:56   INFO [org.example.AllProductsPageTest] : Browser was opened
2023-21-08 18:51:13   INFO [org.example.pages.AllProductsPage] : Page https://www.mate.ua/shop was opened
2023-21-08 18:51:13   INFO [org.example.AllProductsPageTest] : All products page was opened
2023-21-08 18:51:13   INFO [org.example.AllProductsPageTest] : All filters are visible
2023-21-08 18:51:14   INFO [org.example.AllProductsPageTest] : Browser was closed
2023-21-08 18:51:14   INFO [org.example.AllProductsPageTest] : ----checkNumberOfFilters was ended----
2023-21-08 18:58:22   INFO [org.example.pages.AllProductsPage] : Page https://www.mate.ua/shop was opened
2023-21-08 19:07:26   INFO [org.example.pages.AllProductsPage] : Page https://www.mate.ua/shop was opened
2023-21-08 19:10:13   INFO [org.example.pages.AllProductsPage] : Page https://www.mate.ua/shop was opened
2023-21-08 19:16:55   INFO [org.example.pages.AllProductsPage] : Page https://www.mate.ua/shop was opened
2023-21-08 19:17:25   INFO [org.example.AllProductsPageTest] : ----checkNumberOfFilters was started----
2023-21-08 19:17:29   INFO [org.example.AllProductsPageTest] : Browser was opened
2023-21-08 19:17:31   INFO [org.example.pages.AllProductsPage] : Page https://www.mate.ua/shop was opened
2023-21-08 19:17:31   INFO [org.example.AllProductsPageTest] : All products page was opened
2023-21-08 19:17:31   INFO [org.example.AllProductsPageTest] : All filters are visible
2023-21-08 19:17:31   INFO [org.example.AllProductsPageTest] : Number of filters is 4
2023-21-08 19:17:32   INFO [org.example.AllProductsPageTest] : Browser was closed
2023-21-08 19:17:32   INFO [org.example.AllProductsPageTest] : ----checkNumberOfFilters was ended----
2023-24-08 17:05:12   INFO [org.example.AddToCartTest] : ----checkAddToCart was started----
2023-24-08 17:05:17   INFO [org.example.AddToCartTest] : Browser was opened
2023-24-08 17:05:17   INFO [org.example.AddToCartTest] : Add to cart test
2023-24-08 17:05:23   INFO [org.example.pages.AllProductsPage] : Page https://www.mate.ua/shop was opened
2023-24-08 17:05:24   INFO [org.example.AddToCartTest] : All products page was opened
2023-24-08 17:05:24   INFO [org.example.pages.AllProductsPage] :  Element was clicked
2023-24-08 17:05:24   INFO [org.example.AddToCartTest] : First product was opened
2023-24-08 17:05:25   INFO [org.example.AddToCartTest] : Browser was closed
2023-24-08 17:05:25   INFO [org.example.AddToCartTest] : ----checkAddToCart was ended----
2023-24-08 17:06:01   INFO [org.example.AddToCartTest] : ----checkAddToCart was started----
2023-24-08 17:06:05   INFO [org.example.AddToCartTest] : Browser was opened
2023-24-08 17:06:05   INFO [org.example.AddToCartTest] : Add to cart test
2023-24-08 17:06:12   INFO [org.example.pages.AllProductsPage] : Page https://www.mate.ua/shop was opened
2023-24-08 17:06:12   INFO [org.example.AddToCartTest] : All products page was opened
2023-24-08 17:06:12   INFO [org.example.pages.AllProductsPage] :  Element was clicked
2023-24-08 17:06:12   INFO [org.example.AddToCartTest] : First product was opened
2023-24-08 17:06:13   INFO [org.example.AddToCartTest] : Browser was closed
2023-24-08 17:06:13   INFO [org.example.AddToCartTest] : ----checkAddToCart was ended----
2023-24-08 17:09:42   INFO [org.example.pages.AllProductsPage] : Page https://www.mate.ua/shop was opened
2023-24-08 17:09:42   INFO [org.example.pages.AllProductsPage] :  Element was clicked
2023-24-08 17:10:19   INFO [org.example.pages.AllProductsPage] : Page https://www.mate.ua/shop was opened
2023-24-08 17:10:19   INFO [org.example.pages.AllProductsPage] :  Element was clicked
2023-24-08 17:20:53   INFO [org.example.pages.AllProductsPage] : Page https://www.mate.ua/shop was opened
2023-24-08 17:20:53   INFO [org.example.pages.AllProductsPage] :  Element was clicked
2023-24-08 17:22:11   INFO [org.example.pages.AllProductsPage] : Page https://www.mate.ua/shop was opened
2023-24-08 17:22:11   INFO [org.example.pages.AllProductsPage] :  Element was clicked
2023-24-08 17:28:48   INFO [org.example.pages.AllProductsPage] : Page https://www.mate.ua/shop was opened
2023-24-08 17:28:48   INFO [org.example.pages.AllProductsPage] :  Element was clicked
2023-24-08 17:44:33   INFO [org.example.pages.AllProductsPage] : Page https://www.mate.ua/shop was opened
2023-24-08 17:44:34   INFO [org.example.pages.AllProductsPage] :  Element was clicked
2023-24-08 17:45:28   INFO [org.example.pages.AllProductsPage] : Page https://www.mate.ua/shop was opened
2023-24-08 17:45:28   INFO [org.example.pages.AllProductsPage] :  Element was clicked
2023-24-08 17:49:28   INFO [org.example.pages.AllProductsPage] : Page https://www.mate.ua/shop was opened
2023-24-08 17:49:28   INFO [org.example.pages.AllProductsPage] :  Element was clicked
2023-24-08 17:49:30   INFO [org.example.pages.ProductPage] :  Element was clicked
2023-24-08 17:55:02   INFO [org.example.pages.AllProductsPage] : Page https://www.mate.ua/shop was opened
2023-24-08 17:55:02   INFO [org.example.pages.AllProductsPage] :  Element was clicked
2023-24-08 17:55:04   INFO [org.example.pages.ProductPage] :  Element was clicked
2023-24-08 17:55:04   INFO [org.example.pages.ProductPage] : 36-39 Element was clicked
2023-24-08 17:57:50   INFO [org.example.pages.AllProductsPage] : Page https://www.mate.ua/shop was opened
2023-24-08 17:57:50   INFO [org.example.pages.AllProductsPage] :  Element was clicked
2023-24-08 17:57:52   INFO [org.example.pages.ProductPage] :  Element was clicked
2023-24-08 17:57:52   INFO [org.example.pages.ProductPage] : 36-39 Element was clicked
2023-24-08 18:01:24   INFO [org.example.pages.AllProductsPage] : Page https://www.mate.ua/shop was opened
2023-24-08 18:01:25   INFO [org.example.pages.AllProductsPage] :  Element was clicked
2023-24-08 18:01:26   INFO [org.example.pages.ProductPage] :  Element was clicked
2023-24-08 18:01:27   INFO [org.example.pages.ProductPage] : 36-39 Element was clicked
2023-24-08 18:01:27   INFO [org.example.pages.ProductPage] : Додати в кошик Element was clicked
2023-24-08 18:07:26   INFO [org.example.pages.AllProductsPage] : Page https://www.mate.ua/shop was opened
2023-24-08 18:07:27   INFO [org.example.pages.AllProductsPage] :  Element was clicked
2023-24-08 18:07:29   INFO [org.example.pages.ProductPage] :  Element was clicked
2023-24-08 18:07:29   INFO [org.example.pages.ProductPage] : 36-39 Element was clicked
2023-24-08 18:07:29   INFO [org.example.pages.ProductPage] : Додати в кошик Element was clicked
2023-24-08 18:08:14  ERROR [org.example.pages.ProductPage] : Can not work with elementorg.openqa.selenium.TimeoutException: Expected condition failed: waiting for element to be clickable: Proxy element for: DefaultElementLocator 'By.xpath: //*[@id="widget-view-cart-button"]' (tried for 10 second(s) with 500 milliseconds interval)
2023-24-08 18:08:38   INFO [org.example.pages.AllProductsPage] : Page https://www.mate.ua/shop was opened
2023-24-08 18:08:39   INFO [org.example.pages.AllProductsPage] :  Element was clicked
2023-24-08 18:08:41   INFO [org.example.pages.ProductPage] :  Element was clicked
2023-24-08 18:08:42   INFO [org.example.pages.ProductPage] : 36-39 Element was clicked
2023-24-08 18:08:42   INFO [org.example.pages.ProductPage] : Додати в кошик Element was clicked
2023-24-08 18:09:25  ERROR [org.example.pages.ProductPage] : Can not work with elementorg.openqa.selenium.TimeoutException: Expected condition failed: waiting for element to be clickable: Proxy element for: DefaultElementLocator 'By.xpath: //*[@id="widget-view-cart-button"]' (tried for 10 second(s) with 500 milliseconds interval)
2023-24-08 18:10:40   INFO [org.example.pages.AllProductsPage] : Page https://www.mate.ua/shop was opened
2023-24-08 18:10:41   INFO [org.example.pages.AllProductsPage] :  Element was clicked
2023-24-08 18:10:41   INFO [org.example.pages.ProductPage] :  Element was clicked
2023-24-08 18:11:16   INFO [org.example.pages.AllProductsPage] : Page https://www.mate.ua/shop was opened
2023-24-08 18:11:17   INFO [org.example.pages.AllProductsPage] :  Element was clicked
2023-24-08 18:11:17   INFO [org.example.pages.ProductPage] :  Element was clicked
2023-24-08 18:13:05   INFO [org.example.pages.AllProductsPage] : Page https://www.mate.ua/shop was opened
2023-24-08 18:13:05   INFO [org.example.pages.AllProductsPage] :  Element was clicked
2023-24-08 18:13:07   INFO [org.example.pages.ProductPage] :  Element was clicked
2023-24-08 18:13:07   INFO [org.example.pages.ProductPage] : 36-39 Element was clicked
2023-24-08 18:13:07   INFO [org.example.pages.ProductPage] : Додати в кошик Element was clicked
2023-24-08 18:15:24   INFO [org.example.pages.AllProductsPage] : Page https://www.mate.ua/shop was opened
2023-24-08 18:15:25   INFO [org.example.pages.AllProductsPage] :  Element was clicked
2023-24-08 18:15:27   INFO [org.example.pages.ProductPage] :  Element was clicked
2023-24-08 18:15:27   INFO [org.example.pages.ProductPage] : 36-39 Element was clicked
2023-24-08 18:15:27   INFO [org.example.pages.ProductPage] : Додати в кошик Element was clicked
2023-24-08 18:21:28   INFO [org.example.pages.AllProductsPage] : Page https://www.mate.ua/shop was opened
2023-24-08 18:21:29   INFO [org.example.pages.AllProductsPage] :  Element was clicked
2023-24-08 18:21:30   INFO [org.example.pages.ProductPage] :  Element was clicked
2023-24-08 18:22:11   INFO [org.example.pages.AllProductsPage] : Page https://www.mate.ua/shop was opened
2023-24-08 18:22:12   INFO [org.example.pages.AllProductsPage] :  Element was clicked
2023-24-08 18:22:13   INFO [org.example.pages.ProductPage] :  Element was clicked
2023-24-08 18:22:52   INFO [org.example.pages.AllProductsPage] : Page https://www.mate.ua/shop was opened
2023-24-08 18:22:53   INFO [org.example.pages.AllProductsPage] :  Element was clicked
2023-24-08 18:22:55   INFO [org.example.pages.ProductPage] :  Element was clicked
2023-24-08 18:22:55   INFO [org.example.pages.ProductPage] : 36-39 Element was clicked
2023-24-08 18:22:56   INFO [org.example.pages.ProductPage] : Додати в кошик Element was clicked
2023-24-08 18:22:58   INFO [org.example.pages.CartPage] : Page https://www.mate.ua/cart-page was opened
2023-24-08 18:23:19   INFO [org.example.pages.AllProductsPage] : Page https://www.mate.ua/shop was opened
2023-24-08 18:23:21   INFO [org.example.pages.AllProductsPage] :  Element was clicked
2023-24-08 18:23:21   INFO [org.example.pages.ProductPage] :  Element was clicked
2023-24-08 18:23:32   INFO [org.example.pages.ProductPage] : 36-39 Element was clicked
2023-24-08 18:23:32   INFO [org.example.pages.ProductPage] : Додати в кошик Element was clicked
2023-24-08 18:23:34   INFO [org.example.pages.CartPage] : Page https://www.mate.ua/cart-page was opened
2023-24-08 18:23:51   INFO [org.example.pages.AllProductsPage] : Page https://www.mate.ua/shop was opened
2023-24-08 18:23:51   INFO [org.example.pages.AllProductsPage] :  Element was clicked
2023-24-08 18:23:53   INFO [org.example.pages.ProductPage] :  Element was clicked
2023-24-08 18:23:53   INFO [org.example.pages.ProductPage] : 36-39 Element was clicked
2023-24-08 18:23:53   INFO [org.example.pages.ProductPage] : Додати в кошик Element was clicked
2023-24-08 18:23:55   INFO [org.example.pages.CartPage] : Page https://www.mate.ua/cart-page was opened
2023-24-08 18:24:11   INFO [org.example.pages.AllProductsPage] : Page https://www.mate.ua/shop was opened
2023-24-08 18:24:13   INFO [org.example.pages.AllProductsPage] :  Element was clicked
2023-24-08 18:24:13   INFO [org.example.pages.ProductPage] :  Element was clicked
2023-24-08 18:27:07   INFO [org.example.pages.AllProductsPage] : Page https://www.mate.ua/shop was opened
2023-24-08 18:27:09   INFO [org.example.pages.AllProductsPage] :  Element was clicked
2023-24-08 18:27:10   INFO [org.example.pages.ProductPage] :  Element was clicked
2023-24-08 18:27:17   INFO [org.example.pages.ProductPage] : 36-39 Element was clicked
2023-24-08 18:27:17   INFO [org.example.pages.ProductPage] : Додати в кошик Element was clicked
2023-24-08 18:27:20   INFO [org.example.pages.CartPage] : Page https://www.mate.ua/cart-page was opened
2023-24-08 18:27:51   INFO [org.example.pages.AllProductsPage] : Page https://www.mate.ua/shop was opened
2023-24-08 18:27:52   INFO [org.example.pages.AllProductsPage] :  Element was clicked
2023-24-08 18:27:52   INFO [org.example.pages.ProductPage] :  Element was clicked
2023-24-08 18:27:58   INFO [org.example.pages.ProductPage] : 36-39 Element was clicked
2023-24-08 18:27:58   INFO [org.example.pages.ProductPage] : Додати в кошик Element was clicked
2023-24-08 18:28:01   INFO [org.example.pages.CartPage] : Page https://www.mate.ua/cart-page was opened
2023-24-08 18:29:29   INFO [org.example.pages.AllProductsPage] : Page https://www.mate.ua/shop was opened
2023-24-08 18:29:30   INFO [org.example.pages.AllProductsPage] :  Element was clicked
2023-24-08 18:29:32   INFO [org.example.pages.ProductPage] :  Element was clicked
2023-24-08 18:29:32   INFO [org.example.pages.ProductPage] : 36-39 Element was clicked
2023-24-08 18:29:32   INFO [org.example.pages.ProductPage] : Додати в кошик Element was clicked
2023-24-08 18:29:35   INFO [org.example.pages.CartPage] : Page https://www.mate.ua/cart-page was opened
2023-24-08 18:29:56   INFO [org.example.pages.AllProductsPage] : Page https://www.mate.ua/shop was opened
2023-24-08 18:29:58   INFO [org.example.pages.AllProductsPage] :  Element was clicked
2023-24-08 18:30:44  ERROR [org.example.pages.ProductPage] : Can not work with elementorg.openqa.selenium.TimeoutException: Expected condition failed: waiting for element to be clickable: Proxy element for: DefaultElementLocator 'By.xpath: //*[@id="label-for-id_-2"]/span[2]' (tried for 10 second(s) with 500 milliseconds interval)
2023-24-08 18:31:51   INFO [org.example.pages.AllProductsPage] : Page https://www.mate.ua/shop was opened
2023-24-08 18:31:53   INFO [org.example.pages.AllProductsPage] :  Element was clicked
2023-24-08 18:31:53   INFO [org.example.pages.ProductPage] : Розмір Element was clicked
2023-24-08 18:32:04   INFO [org.example.pages.ProductPage] : 36-39 Element was clicked
2023-24-08 18:32:04   INFO [org.example.pages.ProductPage] : Додати в кошик Element was clicked
2023-24-08 18:32:06   INFO [org.example.pages.CartPage] : Page https://www.mate.ua/cart-page was opened
2023-24-08 18:33:57   INFO [org.example.pages.AllProductsPage] : Page https://www.mate.ua/shop was opened
2023-24-08 18:33:59   INFO [org.example.pages.AllProductsPage] :  Element was clicked
2023-24-08 18:33:59   INFO [org.example.pages.ProductPage] : Розмір Element was clicked
2023-26-08 14:13:38   INFO [org.example.pages.AllProductsPage] : Page https://www.mate.ua/shop was opened
2023-26-08 14:13:41   INFO [org.example.pages.AllProductsPage] :  Element was clicked
2023-26-08 14:16:09   INFO [org.example.pages.AllProductsPage] : Page https://www.mate.ua/shop was opened
2023-26-08 14:16:10   INFO [org.example.pages.AllProductsPage] :  Element was clicked
2023-26-08 14:16:11   INFO [org.example.pages.ProductPage] :  Element was clicked
2023-26-08 14:17:30   INFO [org.example.pages.AllProductsPage] : Page https://www.mate.ua/shop was opened
2023-26-08 14:17:30   INFO [org.example.pages.AllProductsPage] :  Element was clicked
2023-26-08 14:17:31   INFO [org.example.pages.ProductPage] :  Element was clicked
2023-26-08 14:18:47   INFO [org.example.pages.AllProductsPage] : Page https://www.mate.ua/shop was opened
2023-26-08 14:18:49   INFO [org.example.pages.AllProductsPage] :  Element was clicked
2023-26-08 14:18:49   INFO [org.example.pages.ProductPage] :  Element was clicked
2023-26-08 14:21:05   INFO [org.example.pages.AllProductsPage] : Page https://www.mate.ua/shop was opened
2023-26-08 14:21:07   INFO [org.example.pages.AllProductsPage] :  Element was clicked
2023-26-08 14:21:07   INFO [org.example.pages.ProductPage] : Розмір Element was clicked
2023-26-08 14:21:16   INFO [org.example.pages.ProductPage] : 36-39 Element was clicked
2023-26-08 14:21:16   INFO [org.example.pages.ProductPage] : Додати в кошик Element was clicked
2023-26-08 14:21:19   INFO [org.example.pages.CartPage] : Page https://www.mate.ua/cart-page was opened
2023-26-08 14:21:41   INFO [org.example.pages.AllProductsPage] : Page https://www.mate.ua/shop was opened
2023-26-08 14:21:43   INFO [org.example.pages.AllProductsPage] :  Element was clicked
2023-26-08 14:21:43   INFO [org.example.pages.ProductPage] : Розмір Element was clicked
2023-26-08 14:36:08   INFO [org.example.pages.AllProductsPage] : Page https://www.mate.ua/shop was opened
2023-26-08 14:36:10   INFO [org.example.pages.AllProductsPage] :  Element was clicked
2023-26-08 14:36:56  ERROR [org.example.pages.ProductPage] : Can not work with elementorg.openqa.selenium.TimeoutException: Expected condition failed: waiting for element to be clickable: Proxy element for: DefaultElementLocator 'By.xpath: //*[@id="label-for-id_-14"]' (tried for 10 second(s) with 500 milliseconds interval)
2023-26-08 14:39:04   INFO [org.example.pages.AllProductsPage] : Page https://www.mate.ua/shop was opened
2023-26-08 14:39:05   INFO [org.example.pages.AllProductsPage] :  Element was clicked
2023-26-08 14:39:06   INFO [org.example.pages.ProductPage] :  Element was clicked
2023-26-08 14:39:21   INFO [org.example.pages.ProductPage] : Attempt #1 to get dropdown items.
2023-26-08 14:39:21   INFO [org.example.pages.ProductPage] :  Element was clicked
2023-26-08 14:39:21   INFO [org.example.pages.ProductPage] : Attempt #2 to get dropdown items.
2023-26-08 14:39:21   INFO [org.example.pages.ProductPage] : 36-39 Element was clicked
2023-26-08 14:39:21   INFO [org.example.pages.ProductPage] : Додати в кошик Element was clicked
2023-26-08 14:39:24   INFO [org.example.pages.CartPage] : Page https://www.mate.ua/cart-page was opened
2023-26-08 14:40:17   INFO [org.example.pages.AllProductsPage] : Page https://www.mate.ua/shop was opened
2023-26-08 14:40:18   INFO [org.example.pages.AllProductsPage] :  Element was clicked
2023-26-08 14:40:20   INFO [org.example.pages.ProductPage] :  Element was clicked
2023-26-08 14:40:20   INFO [org.example.pages.ProductPage] : Attempt #1 to get dropdown items.
2023-26-08 14:40:20   INFO [org.example.pages.ProductPage] : 36-39 Element was clicked
2023-26-08 14:40:20   INFO [org.example.pages.ProductPage] : Додати в кошик Element was clicked
2023-26-08 14:40:23   INFO [org.example.pages.CartPage] : Page https://www.mate.ua/cart-page was opened
2023-26-08 14:42:26   INFO [org.example.pages.AllProductsPage] : Page https://www.mate.ua/shop was opened
2023-26-08 14:42:27   INFO [org.example.pages.AllProductsPage] :  Element was clicked
2023-26-08 14:42:29   INFO [org.example.pages.ProductPage] :  Element was clicked
2023-26-08 14:42:29   INFO [org.example.pages.ProductPage] : Attempt #1 to get dropdown items.
2023-26-08 14:42:29   INFO [org.example.pages.ProductPage] : 36-39 Element was clicked
2023-26-08 14:42:29   INFO [org.example.pages.ProductPage] : Додати в кошик Element was clicked
2023-26-08 14:42:32   INFO [org.example.pages.CartPage] : Page https://www.mate.ua/cart-page was opened
2023-26-08 14:43:08   INFO [org.example.pages.AllProductsPage] : Page https://www.mate.ua/shop was opened
2023-26-08 14:43:09   INFO [org.example.pages.AllProductsPage] :  Element was clicked
2023-26-08 14:43:11   INFO [org.example.pages.ProductPage] :  Element was clicked
2023-26-08 14:43:11   INFO [org.example.pages.ProductPage] : Attempt #1 to get dropdown items.
2023-26-08 14:43:11   INFO [org.example.pages.ProductPage] : 36-39 Element was clicked
2023-26-08 14:43:11   INFO [org.example.pages.ProductPage] : Додати в кошик Element was clicked
2023-26-08 14:43:13   INFO [org.example.pages.CartPage] : Page https://www.mate.ua/cart-page was opened
2023-26-08 14:45:51   INFO [org.example.pages.AllProductsPage] : Page https://www.mate.ua/shop was opened
2023-26-08 14:45:52   INFO [org.example.pages.AllProductsPage] :  Element was clicked
2023-26-08 14:45:53   INFO [org.example.pages.ProductPage] :  Element was clicked
2023-26-08 14:46:08   INFO [org.example.pages.ProductPage] : Attempt #1 to get dropdown items.
2023-26-08 14:46:08   INFO [org.example.pages.ProductPage] :  Element was clicked
2023-26-08 14:46:08   INFO [org.example.pages.ProductPage] : Attempt #2 to get dropdown items.
2023-26-08 14:46:08   INFO [org.example.pages.ProductPage] : 36-39 Element was clicked
2023-26-08 14:46:08   INFO [org.example.pages.ProductPage] : Додати в кошик Element was clicked
2023-26-08 14:46:11   INFO [org.example.pages.CartPage] : Page https://www.mate.ua/cart-page was opened
2023-26-08 15:00:13   INFO [org.example.pages.AllProductsPage] : Page https://www.mate.ua/shop was opened
2023-26-08 15:00:14   INFO [org.example.pages.AllProductsPage] :  Element was clicked
2023-26-08 15:00:29   INFO [org.example.pages.ProductPage] :  Element was clicked
2023-26-08 15:00:29   INFO [org.example.pages.ProductPage] : Attempt #1 to get dropdown items.
2023-26-08 15:00:29   INFO [org.example.pages.ProductPage] : 36-39 Element was clicked
2023-26-08 15:00:29   INFO [org.example.pages.ProductPage] : Додати в кошик Element was clicked
2023-26-08 15:00:32   INFO [org.example.pages.CartPage] : Page https://www.mate.ua/cart-page was opened
2023-26-08 15:01:26   INFO [org.example.pages.AllProductsPage] : Page https://www.mate.ua/shop was opened
2023-26-08 15:01:28   INFO [org.example.pages.AllProductsPage] :  Element was clicked
2023-26-08 15:01:43   INFO [org.example.pages.ProductPage] :  Element was clicked
2023-26-08 15:01:43   INFO [org.example.pages.ProductPage] : Attempt #1 to get dropdown items.
2023-26-08 15:01:43   INFO [org.example.pages.ProductPage] : 36-39 Element was clicked
2023-26-08 15:01:43   INFO [org.example.pages.ProductPage] : Додати в кошик Element was clicked
2023-26-08 15:01:46   INFO [org.example.pages.CartPage] : Page https://www.mate.ua/cart-page was opened
2023-26-08 15:19:51   INFO [org.example.pages.AllProductsPage] : Page https://www.mate.ua/shop was opened
2023-26-08 15:19:51   INFO [org.example.pages.AllProductsPage] :  Element was clicked
2023-26-08 15:20:06   INFO [org.example.pages.ProductPage] :  Element was clicked
2023-26-08 15:20:06   INFO [org.example.pages.ProductPage] : 36-39 Element was clicked
2023-26-08 15:20:06   INFO [org.example.pages.ProductPage] : Додати в кошик Element was clicked
2023-26-08 15:20:09   INFO [org.example.pages.CartPage] : Page https://www.mate.ua/cart-page was opened
2023-26-08 15:20:51   INFO [org.example.AddToCartTest] : ----checkAddToCart was started----
2023-26-08 15:20:56   INFO [org.example.AddToCartTest] : Browser was opened
2023-26-08 15:20:56   INFO [org.example.AddToCartTest] : Add to cart test
2023-26-08 15:21:12   INFO [org.example.AddToCartTest] : Browser was closed
2023-26-08 15:21:12   INFO [org.example.AddToCartTest] : ----checkAddToCart was ended----
2023-26-08 15:22:12   INFO [org.example.AddToCartTest] : ----checkAddToCart was started----
2023-26-08 15:22:17   INFO [org.example.AddToCartTest] : Browser was opened
2023-26-08 15:22:17   INFO [org.example.AddToCartTest] : Add to cart test
2023-26-08 15:22:33   INFO [org.example.AddToCartTest] : Browser was closed
2023-26-08 15:22:33   INFO [org.example.AddToCartTest] : ----checkAddToCart was ended----
2023-26-08 15:23:35   INFO [org.example.AddToCartTest] : ----checkAddToCart was started----
2023-26-08 15:23:39   INFO [org.example.AddToCartTest] : Browser was opened
2023-26-08 15:23:39   INFO [org.example.AddToCartTest] : Add to cart test
2023-26-08 15:23:42   INFO [org.example.pages.AllProductsPage] : Page https://www.mate.ua/shop was opened
2023-26-08 15:23:44   INFO [org.example.pages.AllProductsPage] :  Element was clicked
2023-26-08 15:23:44   INFO [org.example.AddToCartTest] : Product 'Шкарпетки сірі' was opened
2023-26-08 15:23:44   INFO [org.example.AddToCartTest] : Product page was opened
2023-26-08 15:24:00   INFO [org.example.pages.ProductPage] :  Element was clicked
2023-26-08 15:24:00   INFO [org.example.pages.ProductPage] : 36-39 Element was clicked
2023-26-08 15:24:00   INFO [org.example.AddToCartTest] : Size was selected
2023-26-08 15:24:00   INFO [org.example.pages.ProductPage] : Додати в кошик Element was clicked
2023-26-08 15:24:00   INFO [org.example.AddToCartTest] : Add to cart button was clicked
2023-26-08 15:24:03   INFO [org.example.pages.CartPage] : Page https://www.mate.ua/cart-page was opened
2023-26-08 15:24:03   INFO [org.example.AddToCartTest] : Cart opened
2023-26-08 15:24:03   INFO [org.example.AddToCartTest] : Number of cart items is 1
2023-26-08 15:24:04   INFO [org.example.AddToCartTest] : Browser was closed
2023-26-08 15:24:04   INFO [org.example.AddToCartTest] : ----checkAddToCart was ended----
2023-26-08 15:50:19   INFO [org.example.AllProductsPageTest] : ----checkNumberOfFilters was started----
2023-26-08 15:50:23   INFO [org.example.AllProductsPageTest] : Browser was opened
2023-26-08 15:50:27   INFO [org.example.pages.AllProductsPage] : Page https://www.mate.ua/shop was opened
2023-26-08 15:50:27   INFO [org.example.pages.AllProductsPage] : All products page was opened
2023-26-08 15:50:28   INFO [org.example.pages.AllProductsPage] : All filters are visible
2023-26-08 15:50:28   INFO [org.example.pages.AllProductsPage] : Number of filters is 4
2023-26-08 15:50:29   INFO [org.example.AllProductsPageTest] : Browser was closed
2023-26-08 15:50:29   INFO [org.example.AllProductsPageTest] : ----checkNumberOfFilters was ended----
2023-26-08 16:15:41   INFO [org.example.AddToCartTest] : ----checkAddToCart was started----
2023-26-08 16:15:46   INFO [org.example.AddToCartTest] : Browser was opened
2023-26-08 16:15:50   INFO [org.example.pages.AllProductsPage] : Page https://www.mate.ua/shop was opened
2023-26-08 16:15:50   INFO [org.example.pages.AllProductsPage] : All products page was opened
2023-26-08 16:15:51   INFO [org.example.pages.AllProductsPage] : Product 'Шкарпетки сірі' was opened
2023-26-08 16:15:51   INFO [org.example.pages.AllProductsPage] :  Element was clicked
2023-26-08 16:15:52   INFO [org.example.pages.ProductPage] : Page https://www.mate.ua/product-page/шкарпетки-сірі was opened
2023-26-08 16:15:53   INFO [org.example.AddToCartTest] : Browser was closed
2023-26-08 16:15:53   INFO [org.example.AddToCartTest] : ----checkAddToCart was ended----
2023-26-08 16:17:07   INFO [org.example.AddToCartTest] : ----checkAddToCart was started----
2023-26-08 16:17:12   INFO [org.example.AddToCartTest] : Browser was opened
2023-26-08 16:17:16   INFO [org.example.pages.AllProductsPage] : Page https://www.mate.ua/shop was opened
2023-26-08 16:17:16   INFO [org.example.pages.AllProductsPage] : All products page was opened
2023-26-08 16:17:16   INFO [org.example.pages.AllProductsPage] : Product 'Шкарпетки сірі' was opened
2023-26-08 16:17:18   INFO [org.example.pages.AllProductsPage] :  Element was clicked
2023-26-08 16:17:19   INFO [org.example.pages.ProductPage] : Page https://www.mate.ua/product-page/шкарпетки-сірі was opened
2023-26-08 16:17:19   INFO [org.example.AddToCartTest] : Browser was closed
2023-26-08 16:17:19   INFO [org.example.AddToCartTest] : ----checkAddToCart was ended----
2023-26-08 16:19:37   INFO [org.example.AllProductsPageTest] : ----checkNumberOfFilters was started----
2023-26-08 16:19:41   INFO [org.example.AllProductsPageTest] : Browser was opened
2023-26-08 16:19:45   INFO [org.example.pages.AllProductsPage] : Page https://www.mate.ua/shop was opened
2023-26-08 16:19:45   INFO [org.example.pages.AllProductsPage] : All products page was opened
2023-26-08 16:19:45   INFO [org.example.pages.AllProductsPage] : All filters are visible
2023-26-08 16:19:45   INFO [org.example.pages.AllProductsPage] : Number of filters is 4
2023-26-08 16:19:46   INFO [org.example.AllProductsPageTest] : Browser was closed
2023-26-08 16:19:46   INFO [org.example.AllProductsPageTest] : ----checkNumberOfFilters was ended----
2023-26-08 16:20:06   INFO [org.example.AddToCartTest] : ----checkAddToCart was started----
2023-26-08 16:20:12   INFO [org.example.AddToCartTest] : Browser was opened
2023-26-08 16:20:15   INFO [org.example.pages.AllProductsPage] : Page https://www.mate.ua/shop was opened
2023-26-08 16:20:15   INFO [org.example.pages.AllProductsPage] : All products page was opened
2023-26-08 16:20:15   INFO [org.example.pages.AllProductsPage] : Product 'Шкарпетки сірі' was opened
2023-26-08 16:20:17   INFO [org.example.pages.AllProductsPage] :  Element was clicked
2023-26-08 16:20:17   INFO [org.example.pages.ProductPage] : Page https://www.mate.ua/product-page/шкарпетки-сірі was opened
2023-26-08 16:20:17   INFO [org.example.pages.ProductPage] : Product page was opened
2023-26-08 16:20:32   INFO [org.example.pages.ProductPage] :  Element was clicked
2023-26-08 16:20:32   INFO [org.example.pages.ProductPage] : 36-39 Element was clicked
2023-26-08 16:20:32   INFO [org.example.pages.ProductPage] : Size was selected
2023-26-08 16:20:33   INFO [org.example.pages.ProductPage] : Додати в кошик Element was clicked
2023-26-08 16:20:33   INFO [org.example.pages.ProductPage] : Product was added to cart
2023-26-08 16:20:36   INFO [org.example.pages.CartPage] : Page https://www.mate.ua/cart-page was opened
2023-26-08 16:20:36   INFO [org.example.pages.CartPage] : Cart page was opened
2023-26-08 16:20:36   INFO [org.example.pages.CartPage] : Number of cart items is 1
2023-26-08 16:20:36   INFO [org.example.pages.CartPage] : Product name is Шкарпетки сірі
2023-26-08 16:20:37   INFO [org.example.AddToCartTest] : Browser was closed
2023-26-08 16:20:37   INFO [org.example.AddToCartTest] : ----checkAddToCart was ended----
2023-26-08 16:21:11   INFO [org.example.AddToCartTest] : ----checkAddToCart was started----
2023-26-08 16:21:15   INFO [org.example.AddToCartTest] : Browser was opened
2023-26-08 16:21:18   INFO [org.example.pages.AllProductsPage] : Page https://www.mate.ua/shop was opened
2023-26-08 16:21:18   INFO [org.example.pages.AllProductsPage] : All products page was opened
2023-26-08 16:21:18   INFO [org.example.pages.AllProductsPage] : Product 'Шкарпетки сірі' was opened
2023-26-08 16:21:21   INFO [org.example.pages.AllProductsPage] :  Element was clicked
2023-26-08 16:21:21   INFO [org.example.pages.ProductPage] : Page https://www.mate.ua/product-page/шкарпетки-сірі was opened
2023-26-08 16:21:22   INFO [org.example.AddToCartTest] : Browser was closed
2023-26-08 16:21:22   INFO [org.example.AddToCartTest] : ----checkAddToCart was ended----
2023-26-08 16:28:33   INFO [org.example.AddToCartTest] : ----checkAddToCart was started----
2023-26-08 16:28:38   INFO [org.example.AddToCartTest] : Browser was opened
2023-26-08 16:28:42   INFO [org.example.pages.AllProductsPage] : Page https://www.mate.ua/shop was opened
2023-26-08 16:28:43   INFO [org.example.AddToCartTest] : Browser was closed
2023-26-08 16:28:43   INFO [org.example.AddToCartTest] : ----checkAddToCart was ended----
2023-26-08 16:30:25   INFO [org.example.AddToCartTest] : ----checkAddToCart was started----
2023-26-08 16:30:29   INFO [org.example.AddToCartTest] : Browser was opened
2023-26-08 16:30:35   INFO [org.example.pages.AllProductsPage] : Page https://www.mate.ua/shop was opened
2023-26-08 16:30:35   INFO [org.example.pages.AllProductsPage] : All products page was opened
2023-26-08 16:30:35   INFO [org.example.pages.AllProductsPage] : Product 'Шкарпетки сірі' was opened
2023-26-08 16:30:35   INFO [org.example.pages.AllProductsPage] :  Element was clicked
2023-26-08 16:30:36   INFO [org.example.pages.ProductPage] : Page https://www.mate.ua/product-page/шкарпетки-сірі was opened
2023-26-08 16:30:36   INFO [org.example.pages.ProductPage] : Product page was opened
2023-26-08 16:30:52   INFO [org.example.pages.ProductPage] :  Element was clicked
2023-26-08 16:30:52   INFO [org.example.pages.ProductPage] : 36-39 Element was clicked
2023-26-08 16:30:52   INFO [org.example.pages.ProductPage] : Size was selected
2023-26-08 16:30:52   INFO [org.example.pages.ProductPage] : Додати в кошик Element was clicked
2023-26-08 16:30:52   INFO [org.example.pages.ProductPage] : Product was added to cart
2023-26-08 16:30:54   INFO [org.example.pages.CartPage] : Page https://www.mate.ua/cart-page was opened
2023-26-08 16:30:54   INFO [org.example.pages.CartPage] : Cart page was opened
2023-26-08 16:30:54   INFO [org.example.pages.CartPage] : Number of cart items is 1
2023-26-08 16:30:54   INFO [org.example.pages.CartPage] : Product name is Шкарпетки сірі
2023-26-08 16:30:55   INFO [org.example.AddToCartTest] : Browser was closed
2023-26-08 16:30:55   INFO [org.example.AddToCartTest] : ----checkAddToCart was ended----
2023-27-08 15:23:18   INFO [org.example.SizeValidationTest] : ----checkSizeValidation was started----
2023-27-08 15:23:24   INFO [org.example.SizeValidationTest] : Browser was opened
2023-27-08 15:23:27   INFO [org.example.pages.AllProductsPage] : Page https://www.mate.ua/shop was opened
2023-27-08 15:23:27   INFO [org.example.pages.AllProductsPage] : All products page was opened
2023-27-08 15:23:27   INFO [org.example.pages.AllProductsPage] : Product 'Шкарпетки сірі' was opened
2023-27-08 15:23:29   INFO [org.example.pages.AllProductsPage] :  Element was clicked
2023-27-08 15:23:30   INFO [org.example.pages.ProductPage] : Page https://www.mate.ua/product-page/шкарпетки-сірі was opened
2023-27-08 15:23:30   INFO [org.example.pages.ProductPage] : Product page was opened
2023-27-08 15:23:45   INFO [org.example.pages.ProductPage] :  Element was clicked
2023-27-08 15:23:46   INFO [org.example.SizeValidationTest] : Browser was closed
2023-27-08 15:23:46   INFO [org.example.SizeValidationTest] : ----checkSizeValidation was ended----
2023-27-08 15:25:22   INFO [org.example.AddToCartTest] : ----checkAddToCart was started----
2023-27-08 15:25:27   INFO [org.example.AddToCartTest] : Browser was opened
2023-27-08 15:25:30   INFO [org.example.pages.AllProductsPage] : Page https://www.mate.ua/shop was opened
2023-27-08 15:25:30   INFO [org.example.pages.AllProductsPage] : All products page was opened
2023-27-08 15:25:31   INFO [org.example.pages.AllProductsPage] : Product 'Футболка оверсайз бежева з 🇺🇦' was opened
2023-27-08 15:25:34   INFO [org.example.pages.AllProductsPage] :  Element was clicked
2023-27-08 15:25:36   INFO [org.example.pages.ProductPage] : Page https://www.mate.ua/product-page/футболка-оверсайз-бежева-з-🇺🇦 was opened
2023-27-08 15:25:36   INFO [org.example.pages.ProductPage] : Product page was opened
2023-27-08 15:26:03   INFO [org.example.pages.ProductPage] :  Element was clicked
2023-27-08 15:26:05   INFO [org.example.pages.ProductPage] : один розмір Element was clicked
2023-27-08 15:26:05   INFO [org.example.pages.ProductPage] : Size was selected
2023-27-08 15:26:06   INFO [org.example.pages.ProductPage] : Додати в кошик Element was clicked
2023-27-08 15:26:06   INFO [org.example.pages.ProductPage] : Product was added to cart
2023-27-08 15:26:08   INFO [org.example.pages.CartPage] : Page https://www.mate.ua/cart-page was opened
2023-27-08 15:26:08   INFO [org.example.pages.CartPage] : Cart page was opened
2023-27-08 15:26:08   INFO [org.example.pages.CartPage] : Number of cart items is 1
2023-27-08 15:26:09   INFO [org.example.AddToCartTest] : Browser was closed
2023-27-08 15:26:09   INFO [org.example.AddToCartTest] : ----checkAddToCart was ended----
2023-27-08 15:26:29   INFO [org.example.AddToCartTest] : ----checkAddToCart was started----
2023-27-08 15:26:34   INFO [org.example.AddToCartTest] : Browser was opened
2023-27-08 15:26:37   INFO [org.example.pages.AllProductsPage] : Page https://www.mate.ua/shop was opened
2023-27-08 15:26:37   INFO [org.example.pages.AllProductsPage] : All products page was opened
2023-27-08 15:26:37   INFO [org.example.pages.AllProductsPage] : Product 'футболка оверсайз молочна з 🇺🇦' was opened
2023-27-08 15:26:39   INFO [org.example.pages.AllProductsPage] :  Element was clicked
2023-27-08 15:26:41   INFO [org.example.pages.ProductPage] : Page https://www.mate.ua/product-page/футболка-оверсайз-молочна-з-🇺🇦 was opened
2023-27-08 15:26:41   INFO [org.example.pages.ProductPage] : Product page was opened
2023-27-08 15:26:49   INFO [org.example.AddToCartTest] : Browser was closed
2023-27-08 15:26:49   INFO [org.example.AddToCartTest] : ----checkAddToCart was ended----
2023-27-08 15:31:29   INFO [org.example.SizeValidationTest] : ----checkSizeValidation was started----
2023-27-08 15:31:52   INFO [org.example.SizeValidationTest] : ----checkSizeValidation was started----
2023-27-08 15:31:57   INFO [org.example.SizeValidationTest] : Browser was opened
2023-27-08 15:32:00   INFO [org.example.pages.AllProductsPage] : Page https://www.mate.ua/shop was opened
2023-27-08 15:32:00   INFO [org.example.pages.AllProductsPage] : All products page was opened
2023-27-08 15:32:00   INFO [org.example.pages.AllProductsPage] : Product 'Футболка оверсайз бежева з 🇺🇦' was opened
2023-27-08 15:32:03   INFO [org.example.pages.AllProductsPage] :  Element was clicked
2023-27-08 15:32:03   INFO [org.example.pages.ProductPage] : Page https://www.mate.ua/product-page/футболка-оверсайз-бежева-з-🇺🇦 was opened
2023-27-08 15:32:03   INFO [org.example.pages.ProductPage] : Product page was opened
2023-27-08 15:32:18   INFO [org.example.pages.ProductPage] :  Element was clicked
2023-27-08 15:32:18   INFO [org.example.pages.ProductPage] : Number of sizes is 1
2023-27-08 15:32:18   INFO [org.example.pages.AllProductsPage] : Page https://www.mate.ua/shop was opened
2023-27-08 15:32:19   INFO [org.example.pages.AllProductsPage] : All products page was opened
2023-27-08 15:32:19   INFO [org.example.pages.AllProductsPage] : Product 'футболка оверсайз молочна з 🇺🇦' was opened
2023-27-08 15:32:22   INFO [org.example.pages.AllProductsPage] :  Element was clicked
2023-27-08 15:32:23   INFO [org.example.pages.ProductPage] : Page https://www.mate.ua/product-page/футболка-оверсайз-молочна-з-🇺🇦 was opened
2023-27-08 15:32:23   INFO [org.example.pages.ProductPage] : Product page was opened
2023-27-08 15:33:29   INFO [org.example.SizeValidationTest] : ----checkSizeValidation was started----
2023-27-08 15:33:34   INFO [org.example.SizeValidationTest] : Browser was opened
2023-27-08 15:33:37   INFO [org.example.pages.AllProductsPage] : Page https://www.mate.ua/shop was opened
2023-27-08 15:33:37   INFO [org.example.pages.AllProductsPage] : All products page was opened
2023-27-08 15:33:38   INFO [org.example.pages.AllProductsPage] : Product 'Футболка оверсайз бежева з 🇺🇦' was opened
2023-27-08 15:33:40   INFO [org.example.pages.AllProductsPage] :  Element was clicked
2023-27-08 15:33:55   INFO [org.example.pages.ProductPage] :  Element was clicked
2023-27-08 15:33:55   INFO [org.example.pages.ProductPage] : Number of sizes is 1
2023-27-08 15:33:57   INFO [org.example.pages.AllProductsPage] : Page https://www.mate.ua/shop was opened
2023-27-08 15:33:57   INFO [org.example.pages.AllProductsPage] : All products page was opened
2023-27-08 15:33:57   INFO [org.example.pages.AllProductsPage] : Product 'футболка оверсайз молочна з 🇺🇦' was opened
2023-27-08 15:33:59   INFO [org.example.pages.AllProductsPage] :  Element was clicked
2023-27-08 15:34:14   INFO [org.example.pages.ProductPage] :  Element was clicked
2023-27-08 15:34:14   INFO [org.example.pages.ProductPage] : Number of sizes is 1
2023-27-08 15:34:15   INFO [org.example.pages.AllProductsPage] : Page https://www.mate.ua/shop was opened
2023-27-08 15:34:15   INFO [org.example.pages.AllProductsPage] : All products page was opened
2023-27-08 15:34:16   INFO [org.example.pages.AllProductsPage] : Product 'Базова футболка молочна' was opened
2023-27-08 15:34:17   INFO [org.example.pages.AllProductsPage] :  Element was clicked
2023-27-08 15:34:32   INFO [org.example.pages.ProductPage] :  Element was clicked
2023-27-08 15:34:32   INFO [org.example.pages.ProductPage] : Number of sizes is 3
2023-27-08 15:34:33   INFO [org.example.SizeValidationTest] : Browser was closed
2023-27-08 15:34:33   INFO [org.example.SizeValidationTest] : ----checkSizeValidation was ended----
2023-27-08 15:39:19   INFO [org.example.AllProductsPageTest] : ----checkNumberOfFilters was started----
2023-27-08 15:39:24   INFO [org.example.AllProductsPageTest] : Browser was opened
2023-27-08 15:39:28   INFO [org.example.pages.AllProductsPage] : Page https://www.mate.ua/shop was opened
2023-27-08 15:39:28   INFO [org.example.pages.AllProductsPage] : All products page was opened
2023-27-08 15:39:29   INFO [org.example.pages.AllProductsPage] : All filters are visible
2023-27-08 15:39:29   INFO [org.example.pages.AllProductsPage] : Number of filters is 4
2023-27-08 15:39:30   INFO [org.example.AllProductsPageTest] : Browser was closed
2023-27-08 15:39:30   INFO [org.example.AllProductsPageTest] : ----checkNumberOfFilters was ended----
2023-27-08 15:39:56   INFO [org.example.AddToCartTest] : ----checkAddToCart was started----
2023-27-08 15:40:01   INFO [org.example.AddToCartTest] : Browser was opened
2023-27-08 15:40:04   INFO [org.example.pages.AllProductsPage] : Page https://www.mate.ua/shop was opened
2023-27-08 15:40:04   INFO [org.example.pages.AllProductsPage] : All products page was opened
2023-27-08 15:40:05   INFO [org.example.pages.AllProductsPage] : Product 'футболка оверсайз молочна з 🇺🇦' was opened
2023-27-08 15:40:07   INFO [org.example.pages.AllProductsPage] :  Element was clicked
2023-27-08 15:40:22   INFO [org.example.pages.ProductPage] :  Element was clicked
2023-27-08 15:40:23   INFO [org.example.pages.ProductPage] : один розмір Element was clicked
2023-27-08 15:40:23   INFO [org.example.pages.ProductPage] : Size was selected
2023-27-08 15:40:23   INFO [org.example.pages.ProductPage] : Додати в кошик Element was clicked
2023-27-08 15:40:23   INFO [org.example.pages.ProductPage] : Product was added to cart
2023-27-08 15:40:25   INFO [org.example.pages.CartPage] : Page https://www.mate.ua/cart-page was opened
2023-27-08 15:40:25   INFO [org.example.pages.CartPage] : Cart page was opened
2023-27-08 15:40:25   INFO [org.example.pages.CartPage] : Number of cart items is 1
2023-27-08 15:40:26   INFO [org.example.AddToCartTest] : Browser was closed
2023-27-08 15:40:26   INFO [org.example.AddToCartTest] : ----checkAddToCart was ended----
2023-27-08 15:41:34   INFO [org.example.AddToCartTest] : ----checkAddToCart was started----
2023-27-08 15:41:39   INFO [org.example.AddToCartTest] : Browser was opened
2023-27-08 15:41:42   INFO [org.example.pages.AllProductsPage] : Page https://www.mate.ua/shop was opened
2023-27-08 15:41:42   INFO [org.example.pages.AllProductsPage] : All products page was opened
2023-27-08 15:41:43   INFO [org.example.pages.AllProductsPage] : Product 'футболка оверсайз молочна з 🇺🇦' was opened
2023-27-08 15:41:44   INFO [org.example.pages.AllProductsPage] :  Element was clicked
2023-27-08 15:42:00   INFO [org.example.pages.ProductPage] :  Element was clicked
2023-27-08 15:42:00   INFO [org.example.pages.ProductPage] : один розмір Element was clicked
2023-27-08 15:42:00   INFO [org.example.pages.ProductPage] : Size was selected
2023-27-08 15:42:00   INFO [org.example.pages.ProductPage] : Додати в кошик Element was clicked
2023-27-08 15:42:00   INFO [org.example.pages.ProductPage] : Product was added to cart
2023-27-08 15:42:02   INFO [org.example.pages.CartPage] : Page https://www.mate.ua/cart-page was opened
2023-27-08 15:42:02   INFO [org.example.pages.CartPage] : Cart page was opened
2023-27-08 15:42:02   INFO [org.example.pages.CartPage] : Number of cart items is 1
2023-27-08 15:42:02   INFO [org.example.pages.CartPage] : Product name is футболка оверсайз молочна з 🇺🇦
2023-27-08 15:42:03   INFO [org.example.AddToCartTest] : Browser was closed
2023-27-08 15:42:03   INFO [org.example.AddToCartTest] : ----checkAddToCart was ended----
2023-27-08 15:42:27   INFO [org.example.AddToCartTest] : ----checkAddToCart was started----
2023-27-08 15:43:12   INFO [org.example.AddToCartTest] : ----checkAddToCart was started----
2023-27-08 15:43:16   INFO [org.example.AddToCartTest] : Browser was opened
2023-27-08 15:43:19   INFO [org.example.pages.AllProductsPage] : Page https://www.mate.ua/shop was opened
2023-27-08 15:43:19   INFO [org.example.pages.AllProductsPage] : All products page was opened
2023-27-08 15:43:19   INFO [org.example.pages.AllProductsPage] : Product 'Шкарпетки зелені' was opened
2023-27-08 15:43:21   INFO [org.example.pages.AllProductsPage] :  Element was clicked
2023-27-08 15:43:36   INFO [org.example.pages.ProductPage] :  Element was clicked
2023-27-08 15:43:36   INFO [org.example.pages.ProductPage] : 36-39 Element was clicked
2023-27-08 15:43:36   INFO [org.example.pages.ProductPage] : Size was selected
2023-27-08 15:43:37   INFO [org.example.pages.ProductPage] : Додати в кошик Element was clicked
2023-27-08 15:43:37   INFO [org.example.pages.ProductPage] : Product was added to cart
2023-27-08 15:43:39   INFO [org.example.pages.CartPage] : Page https://www.mate.ua/cart-page was opened
2023-27-08 15:43:39   INFO [org.example.pages.CartPage] : Cart page was opened
2023-27-08 15:43:39   INFO [org.example.pages.CartPage] : Number of cart items is 1
2023-27-08 15:43:39   INFO [org.example.pages.CartPage] : Product name is Шкарпетки зелені
2023-27-08 15:43:40   INFO [org.example.AddToCartTest] : Browser was closed
2023-27-08 15:43:40   INFO [org.example.AddToCartTest] : ----checkAddToCart was ended----
2023-27-08 15:44:04   INFO [org.example.SizeValidationTest] : ----checkSizeValidation was started----
2023-27-08 15:44:08   INFO [org.example.SizeValidationTest] : Browser was opened
2023-27-08 15:44:11   INFO [org.example.pages.AllProductsPage] : Page https://www.mate.ua/shop was opened
2023-27-08 15:44:11   INFO [org.example.pages.AllProductsPage] : All products page was opened
2023-27-08 15:44:12   INFO [org.example.pages.AllProductsPage] : Product 'Футболка оверсайз бежева з 🇺🇦' was opened
2023-27-08 15:44:13   INFO [org.example.pages.AllProductsPage] :  Element was clicked
2023-27-08 15:44:28   INFO [org.example.pages.ProductPage] :  Element was clicked
2023-27-08 15:44:28   INFO [org.example.pages.ProductPage] : Number of sizes is 1
2023-27-08 15:44:31   INFO [org.example.pages.AllProductsPage] : Page https://www.mate.ua/shop was opened
2023-27-08 15:44:31   INFO [org.example.pages.AllProductsPage] : All products page was opened
2023-27-08 15:44:32   INFO [org.example.pages.AllProductsPage] : Product 'футболка оверсайз молочна з 🇺🇦' was opened
2023-27-08 15:44:32   INFO [org.example.pages.AllProductsPage] :  Element was clicked
2023-27-08 15:44:48   INFO [org.example.pages.ProductPage] :  Element was clicked
2023-27-08 15:44:48   INFO [org.example.pages.ProductPage] : Number of sizes is 1
2023-27-08 15:44:49   INFO [org.example.pages.AllProductsPage] : Page https://www.mate.ua/shop was opened
2023-27-08 15:44:49   INFO [org.example.pages.AllProductsPage] : All products page was opened
2023-27-08 15:44:50   INFO [org.example.pages.AllProductsPage] : Product 'Базова футболка молочна' was opened
2023-27-08 15:44:52   INFO [org.example.pages.AllProductsPage] :  Element was clicked
2023-27-08 15:45:07   INFO [org.example.pages.ProductPage] :  Element was clicked
2023-27-08 15:45:07   INFO [org.example.pages.ProductPage] : Number of sizes is 3
2023-27-08 15:45:08   INFO [org.example.SizeValidationTest] : Browser was closed
2023-27-08 15:45:08   INFO [org.example.SizeValidationTest] : ----checkSizeValidation was ended----
2023-27-08 16:00:18   INFO [org.example.SizeValidationTest] : ----checkSizeValidation was started----
2023-27-08 16:00:23   INFO [org.example.SizeValidationTest] : Browser was opened
2023-27-08 16:00:36   INFO [org.example.SizeValidationTest] : Browser was closed
2023-27-08 16:00:36   INFO [org.example.SizeValidationTest] : ----checkSizeValidation was ended----
2023-27-08 16:00:51   INFO [org.example.SizeValidationTest] : ----checkSizeValidation was started----
2023-27-08 16:00:56   INFO [org.example.SizeValidationTest] : Browser was opened
2023-27-08 16:00:59   INFO [org.example.pages.AllProductsPage] : Page https://www.mate.ua/shop was opened
2023-27-08 16:00:59   INFO [org.example.pages.AllProductsPage] : All products page was opened
2023-27-08 16:01:00   INFO [org.example.pages.AllProductsPage] : Product 'Шкарпетки сірі' was opened
2023-27-08 16:01:03   INFO [org.example.pages.AllProductsPage] :  Element was clicked
2023-27-08 16:01:18   INFO [org.example.pages.ProductPage] :  Element was clicked
2023-27-08 16:01:18   INFO [org.example.pages.ProductPage] : Number of sizes is 2
2023-27-08 16:01:18   INFO [org.example.pages.AllProductsPage] : Product has 2 sizes
2023-27-08 16:01:18   INFO [org.example.pages.ProductPage] : Додати в кошик Element was clicked
2023-27-08 16:01:18   INFO [org.example.pages.ProductPage] : Product was added to cart
2023-27-08 16:01:20   INFO [org.example.pages.CartPage] : Page https://www.mate.ua/cart-page was opened
2023-27-08 16:01:20   INFO [org.example.pages.CartPage] : Cart page was opened
2023-27-08 16:01:21   INFO [org.example.SizeValidationTest] : Browser was closed
2023-27-08 16:01:21   INFO [org.example.SizeValidationTest] : ----checkSizeValidation was ended----
2023-27-08 16:02:37   INFO [org.example.SizeValidationTest] : ----checkSizeValidation was started----
2023-27-08 16:02:41   INFO [org.example.SizeValidationTest] : Browser was opened
2023-27-08 16:02:44   INFO [org.example.pages.AllProductsPage] : Page https://www.mate.ua/shop was opened
2023-27-08 16:02:44   INFO [org.example.pages.AllProductsPage] : All products page was opened
2023-27-08 16:02:44   INFO [org.example.pages.AllProductsPage] : Product 'Шкарпетки сірі' was opened
2023-27-08 16:02:46   INFO [org.example.pages.AllProductsPage] :  Element was clicked
2023-27-08 16:03:01   INFO [org.example.pages.ProductPage] :  Element was clicked
2023-27-08 16:03:01   INFO [org.example.pages.ProductPage] : Number of sizes is 2
2023-27-08 16:03:01   INFO [org.example.pages.AllProductsPage] : Product has 2 sizes
2023-27-08 16:03:02   INFO [org.example.pages.ProductPage] : Додати в кошик Element was clicked
2023-27-08 16:03:02   INFO [org.example.pages.ProductPage] : Add to cart button was clicked
2023-27-08 16:03:03   INFO [org.example.SizeValidationTest] : Browser was closed
2023-27-08 16:03:03   INFO [org.example.SizeValidationTest] : ----checkSizeValidation was ended----
2023-27-08 16:03:29   INFO [org.example.SizeValidationTest] : ----checkSizeValidation was started----
2023-27-08 16:03:33   INFO [org.example.SizeValidationTest] : Browser was opened
2023-27-08 16:03:36   INFO [org.example.pages.AllProductsPage] : Page https://www.mate.ua/shop was opened
2023-27-08 16:03:36   INFO [org.example.pages.AllProductsPage] : All products page was opened
2023-27-08 16:03:37   INFO [org.example.pages.AllProductsPage] : Product 'Футболка оверсайз бежева з 🇺🇦' was opened
2023-27-08 16:03:38   INFO [org.example.pages.AllProductsPage] :  Element was clicked
2023-27-08 16:03:53   INFO [org.example.pages.ProductPage] :  Element was clicked
2023-27-08 16:03:53   INFO [org.example.pages.ProductPage] : Number of sizes is 1
2023-27-08 16:03:53   INFO [org.example.pages.AllProductsPage] : Product has only one size, opening next product
2023-27-08 16:03:57   INFO [org.example.pages.AllProductsPage] : Page https://www.mate.ua/shop was opened
2023-27-08 16:03:57   INFO [org.example.pages.AllProductsPage] : All products page was opened
2023-27-08 16:03:57   INFO [org.example.pages.AllProductsPage] : Product 'футболка оверсайз молочна з 🇺🇦' was opened
2023-27-08 16:03:59   INFO [org.example.pages.AllProductsPage] :  Element was clicked
2023-27-08 16:04:14   INFO [org.example.pages.ProductPage] :  Element was clicked
2023-27-08 16:04:14   INFO [org.example.pages.ProductPage] : Number of sizes is 1
2023-27-08 16:04:14   INFO [org.example.pages.AllProductsPage] : Product has only one size, opening next product
2023-27-08 16:04:19   INFO [org.example.pages.AllProductsPage] : Page https://www.mate.ua/shop was opened
2023-27-08 16:04:19   INFO [org.example.pages.AllProductsPage] : All products page was opened
2023-27-08 16:04:27   INFO [org.example.pages.AllProductsPage] : Product 'Базова футболка молочна' was opened
2023-27-08 16:04:27   INFO [org.example.pages.AllProductsPage] :  Element was clicked
2023-27-08 16:04:43   INFO [org.example.pages.ProductPage] :  Element was clicked
2023-27-08 16:04:43   INFO [org.example.pages.ProductPage] : Number of sizes is 3
2023-27-08 16:04:43   INFO [org.example.pages.AllProductsPage] : Product has 3 sizes
2023-27-08 16:04:43   INFO [org.example.pages.ProductPage] : Додати в кошик Element was clicked
2023-27-08 16:04:43   INFO [org.example.pages.ProductPage] : Add to cart button was clicked
2023-27-08 16:04:44   INFO [org.example.SizeValidationTest] : Browser was closed
2023-27-08 16:04:44   INFO [org.example.SizeValidationTest] : ----checkSizeValidation was ended----
2023-27-08 16:05:25   INFO [org.example.SizeValidationTest] : ----checkSizeValidation was started----
2023-27-08 16:05:30   INFO [org.example.SizeValidationTest] : Browser was opened
2023-27-08 16:05:35   INFO [org.example.pages.AllProductsPage] : Page https://www.mate.ua/shop was opened
2023-27-08 16:05:35   INFO [org.example.pages.AllProductsPage] : All products page was opened
2023-27-08 16:05:35   INFO [org.example.pages.AllProductsPage] : Product 'Базова футболка молочна' was opened
2023-27-08 16:05:39   INFO [org.example.pages.AllProductsPage] :  Element was clicked
2023-27-08 16:05:55   INFO [org.example.pages.ProductPage] :  Element was clicked
2023-27-08 16:05:55   INFO [org.example.pages.ProductPage] : Number of sizes is 3
2023-27-08 16:05:55   INFO [org.example.pages.AllProductsPage] : Product has 3 sizes
2023-27-08 16:05:55   INFO [org.example.pages.ProductPage] : Додати в кошик Element was clicked
2023-27-08 16:05:55   INFO [org.example.pages.ProductPage] : Add to cart button was clicked
2023-27-08 16:05:56   INFO [org.example.SizeValidationTest] : Browser was closed
2023-27-08 16:05:56   INFO [org.example.SizeValidationTest] : ----checkSizeValidation was ended----
2023-27-08 16:08:33   INFO [org.example.SizeValidationTest] : ----checkSizeValidation was started----
2023-27-08 16:08:37   INFO [org.example.SizeValidationTest] : Browser was opened
2023-27-08 16:08:41   INFO [org.example.pages.AllProductsPage] : Page https://www.mate.ua/shop was opened
2023-27-08 16:08:41   INFO [org.example.pages.AllProductsPage] : All products page was opened
2023-27-08 16:08:41   INFO [org.example.pages.AllProductsPage] : Product 'Базова футболка молочна' was opened
2023-27-08 16:08:43   INFO [org.example.pages.AllProductsPage] :  Element was clicked
2023-27-08 16:08:59   INFO [org.example.pages.ProductPage] :  Element was clicked
2023-27-08 16:08:59   INFO [org.example.pages.ProductPage] : Number of sizes is 3
2023-27-08 16:08:59   INFO [org.example.pages.AllProductsPage] : Product has 3 sizes
2023-27-08 16:08:59   INFO [org.example.pages.ProductPage] : Додати в кошик Element was clicked
2023-27-08 16:08:59   INFO [org.example.pages.ProductPage] : Add to cart button was clicked
2023-27-08 16:09:00   INFO [org.example.SizeValidationTest] : Browser was closed
2023-27-08 16:09:00   INFO [org.example.SizeValidationTest] : ----checkSizeValidation was ended----
2023-27-08 16:12:10   INFO [org.example.SizeValidationTest] : ----checkSizeValidation was started----
2023-27-08 16:12:14   INFO [org.example.SizeValidationTest] : Browser was opened
2023-27-08 16:12:17   INFO [org.example.pages.AllProductsPage] : Page https://www.mate.ua/shop was opened
2023-27-08 16:12:17   INFO [org.example.pages.AllProductsPage] : All products page was opened
2023-27-08 16:12:17   INFO [org.example.pages.AllProductsPage] : Product 'Базова футболка молочна' was opened
2023-27-08 16:12:19   INFO [org.example.pages.AllProductsPage] :  Element was clicked
2023-27-08 16:12:34   INFO [org.example.pages.ProductPage] :  Element was clicked
2023-27-08 16:12:34   INFO [org.example.pages.ProductPage] : Number of sizes is 3
2023-27-08 16:12:34   INFO [org.example.pages.ProductPage] :  Element was clicked
2023-27-08 16:12:34   INFO [org.example.pages.AllProductsPage] : Product has 3 sizes
2023-27-08 16:12:35   INFO [org.example.pages.ProductPage] : Додати в кошик Element was clicked
2023-27-08 16:12:35   INFO [org.example.pages.ProductPage] : Add to cart button was clicked
2023-27-08 16:12:36   INFO [org.example.SizeValidationTest] : Browser was closed
2023-27-08 16:12:36   INFO [org.example.SizeValidationTest] : ----checkSizeValidation was ended----
2023-27-08 16:13:15   INFO [org.example.SizeValidationTest] : ----checkSizeValidation was started----
2023-27-08 16:13:19   INFO [org.example.SizeValidationTest] : Browser was opened
2023-27-08 16:13:22   INFO [org.example.pages.AllProductsPage] : Page https://www.mate.ua/shop was opened
2023-27-08 16:13:22   INFO [org.example.pages.AllProductsPage] : All products page was opened
2023-27-08 16:13:22   INFO [org.example.pages.AllProductsPage] : Product 'Базова футболка молочна' was opened
2023-27-08 16:13:24   INFO [org.example.pages.AllProductsPage] :  Element was clicked
2023-27-08 16:13:39   INFO [org.example.pages.ProductPage] :  Element was clicked
2023-27-08 16:13:39   INFO [org.example.pages.ProductPage] : Number of sizes is 3
2023-27-08 16:13:39   INFO [org.example.pages.ProductPage] :  Element was clicked
2023-27-08 16:13:39   INFO [org.example.pages.AllProductsPage] : Product has 3 sizes
2023-27-08 16:13:39   INFO [org.example.pages.ProductPage] : Додати в кошик Element was clicked
2023-27-08 16:13:39   INFO [org.example.pages.ProductPage] : Add to cart button was clicked
2023-27-08 16:13:40   INFO [org.example.SizeValidationTest] : Browser was closed
2023-27-08 16:13:40   INFO [org.example.SizeValidationTest] : ----checkSizeValidation was ended----
2023-27-08 16:15:01   INFO [org.example.SizeValidationTest] : ----checkSizeValidation was started----
2023-27-08 16:15:06   INFO [org.example.SizeValidationTest] : Browser was opened
2023-27-08 16:15:08   INFO [org.example.pages.AllProductsPage] : Page https://www.mate.ua/shop was opened
2023-27-08 16:15:08   INFO [org.example.pages.AllProductsPage] : All products page was opened
2023-27-08 16:15:09   INFO [org.example.pages.AllProductsPage] : Product 'Базова футболка молочна' was opened
2023-27-08 16:15:10   INFO [org.example.pages.AllProductsPage] :  Element was clicked
2023-27-08 16:15:25   INFO [org.example.pages.ProductPage] :  Element was clicked
2023-27-08 16:15:25   INFO [org.example.pages.ProductPage] : Number of sizes is 3
2023-27-08 16:15:25   INFO [org.example.pages.ProductPage] :  Element was clicked
2023-27-08 16:15:25   INFO [org.example.pages.AllProductsPage] : Product has 3 sizes
2023-27-08 16:15:25   INFO [org.example.pages.ProductPage] : Додати в кошик Element was clicked
2023-27-08 16:15:25   INFO [org.example.pages.ProductPage] : Add to cart button was clicked
2023-27-08 16:15:26   INFO [org.example.SizeValidationTest] : Browser was closed
2023-27-08 16:15:26   INFO [org.example.SizeValidationTest] : ----checkSizeValidation was ended----
2023-27-08 16:22:05   INFO [org.example.pages.AllProductsPage] : Page https://www.mate.ua/shop was opened
2023-27-08 16:22:05   INFO [org.example.pages.AllProductsPage] : All products page was opened
2023-27-08 16:22:05   INFO [org.example.pages.AllProductsPage] : Product 'Базова футболка молочна' was opened
2023-27-08 16:22:08   INFO [org.example.pages.AllProductsPage] :  Element was clicked
2023-27-08 16:22:10   INFO [org.example.pages.ProductPage] :  Element was clicked
2023-27-08 16:22:10   INFO [org.example.pages.ProductPage] : Number of sizes is 3
2023-27-08 16:22:10   INFO [org.example.pages.ProductPage] :  Element was clicked
2023-27-08 16:22:10   INFO [org.example.pages.AllProductsPage] : Product has 3 sizes
2023-27-08 16:22:11   INFO [org.example.pages.ProductPage] : Додати в кошик Element was clicked
2023-27-08 16:22:11   INFO [org.example.pages.ProductPage] : Add to cart button was clicked
2023-27-08 16:33:01   INFO [org.example.pages.AllProductsPage] : Page https://www.mate.ua/shop was opened
2023-27-08 16:33:01   INFO [org.example.pages.AllProductsPage] : All products page was opened
2023-27-08 16:33:02   INFO [org.example.pages.AllProductsPage] : Product 'Базова футболка молочна' was opened
2023-27-08 16:33:04   INFO [org.example.pages.AllProductsPage] :  Element was clicked
2023-27-08 16:33:05   INFO [org.example.pages.ProductPage] :  Element was clicked
2023-27-08 16:33:05   INFO [org.example.pages.ProductPage] :  Element was clicked
2023-27-08 16:33:05   INFO [org.example.pages.ProductPage] :  Element was clicked
2023-27-08 16:33:05   INFO [org.example.pages.ProductPage] :  Element was clicked
2023-27-08 16:33:05   INFO [org.example.pages.ProductPage] : Number of sizes is 3
2023-27-08 16:33:05   INFO [org.example.pages.ProductPage] :  Element was clicked
2023-27-08 16:33:05   INFO [org.example.pages.AllProductsPage] : Product has 3 sizes
2023-27-08 16:33:06   INFO [org.example.pages.ProductPage] : Додати в кошик Element was clicked
2023-27-08 16:33:06   INFO [org.example.pages.ProductPage] : Add to cart button was clicked
2023-27-08 16:33:06   INFO [org.example.pages.ProductPage] : No size selected message is displayed
2023-27-08 16:33:47   INFO [org.example.pages.AllProductsPage] : Page https://www.mate.ua/shop was opened
2023-27-08 16:33:47   INFO [org.example.pages.AllProductsPage] : All products page was opened
2023-27-08 16:33:47   INFO [org.example.pages.AllProductsPage] : Product 'Базова футболка молочна' was opened
2023-27-08 16:33:49   INFO [org.example.pages.AllProductsPage] :  Element was clicked
2023-27-08 16:33:52   INFO [org.example.pages.ProductPage] :  Element was clicked
2023-27-08 16:33:52   INFO [org.example.pages.ProductPage] : Number of sizes is 3
2023-27-08 16:33:52   INFO [org.example.pages.ProductPage] :  Element was clicked
2023-27-08 16:33:52   INFO [org.example.pages.AllProductsPage] : Product has 3 sizes
2023-27-08 16:33:52   INFO [org.example.pages.ProductPage] : Додати в кошик Element was clicked
2023-27-08 16:33:52   INFO [org.example.pages.ProductPage] : Add to cart button was clicked
2023-27-08 16:33:52   INFO [org.example.pages.ProductPage] : No size selected message is displayed
2023-27-08 16:34:21   INFO [org.example.pages.AllProductsPage] : Page https://www.mate.ua/shop was opened
2023-27-08 16:34:21   INFO [org.example.pages.AllProductsPage] : All products page was opened
2023-27-08 16:34:22   INFO [org.example.pages.AllProductsPage] : Product 'Базова футболка молочна' was opened
2023-27-08 16:34:23   INFO [org.example.pages.AllProductsPage] :  Element was clicked
2023-27-08 16:34:25   INFO [org.example.pages.ProductPage] :  Element was clicked
2023-27-08 16:34:25   INFO [org.example.pages.ProductPage] : Number of sizes is 3
2023-27-08 16:34:25   INFO [org.example.pages.ProductPage] :  Element was clicked
2023-27-08 16:34:25   INFO [org.example.pages.AllProductsPage] : Product has 3 sizes
2023-27-08 16:40:28   INFO [org.example.pages.AllProductsPage] : Page https://www.mate.ua/shop was opened
2023-27-08 16:40:28   INFO [org.example.pages.AllProductsPage] : All products page was opened
2023-27-08 16:40:28   INFO [org.example.pages.AllProductsPage] : Product 'Базова футболка молочна' was opened
2023-27-08 16:40:32   INFO [org.example.pages.AllProductsPage] :  Element was clicked
2023-27-08 16:40:32   INFO [org.example.pages.ProductPage] :  Element was clicked
2023-27-08 16:40:32   INFO [org.example.pages.ProductPage] :  Element was clicked
2023-27-08 16:40:32   INFO [org.example.pages.ProductPage] :  Element was clicked
2023-27-08 16:40:33   INFO [org.example.pages.ProductPage] :  Element was clicked
2023-27-08 16:40:33   INFO [org.example.pages.ProductPage] : Number of sizes is 3
2023-27-08 16:40:33   INFO [org.example.pages.ProductPage] :  Element was clicked
2023-27-08 16:40:33   INFO [org.example.pages.AllProductsPage] : Product has 3 sizes
2023-27-08 16:40:33   INFO [org.example.pages.ProductPage] : Додати в кошик Element was clicked
2023-27-08 16:40:33   INFO [org.example.pages.ProductPage] : Add to cart button was clicked
2023-27-08 16:40:33   INFO [org.example.pages.ProductPage] : Element is displayed
2023-27-08 16:40:33   INFO [org.example.pages.ProductPage] : No size selected message is displayed
2023-27-08 16:41:13   INFO [org.example.pages.AllProductsPage] : Page https://www.mate.ua/shop was opened
2023-27-08 16:41:13   INFO [org.example.pages.AllProductsPage] : All products page was opened
2023-27-08 16:41:13   INFO [org.example.pages.AllProductsPage] : Product 'Базова футболка молочна' was opened
2023-27-08 16:41:15   INFO [org.example.pages.AllProductsPage] :  Element was clicked
2023-27-08 16:41:17   INFO [org.example.pages.ProductPage] :  Element was clicked
2023-27-08 16:41:17   INFO [org.example.pages.ProductPage] : Number of sizes is 3
2023-27-08 16:41:17   INFO [org.example.pages.ProductPage] :  Element was clicked
2023-27-08 16:41:17   INFO [org.example.pages.AllProductsPage] : Product has 3 sizes
2023-27-08 16:41:17   INFO [org.example.pages.ProductPage] : Element is not  displayed
2023-27-08 16:45:51   INFO [org.example.pages.AllProductsPage] : Page https://www.mate.ua/shop was opened
2023-27-08 16:45:51   INFO [org.example.pages.AllProductsPage] : All products page was opened
2023-27-08 16:45:52   INFO [org.example.pages.AllProductsPage] : Product 'Базова футболка молочна' was opened
2023-27-08 16:45:54   INFO [org.example.pages.AllProductsPage] :  Element was clicked
2023-27-08 16:45:54   INFO [org.example.pages.ProductPage] :  Element was clicked
2023-27-08 16:45:54   INFO [org.example.pages.ProductPage] :  Element was clicked
2023-27-08 16:45:54   INFO [org.example.pages.ProductPage] :  Element was clicked
2023-27-08 16:45:55   INFO [org.example.pages.ProductPage] :  Element was clicked
2023-27-08 16:45:55   INFO [org.example.pages.ProductPage] :  Element was clicked
2023-27-08 16:45:55   INFO [org.example.pages.ProductPage] : Number of sizes is 3
2023-27-08 16:45:55   INFO [org.example.pages.ProductPage] :  Element was clicked
2023-27-08 16:45:55   INFO [org.example.pages.AllProductsPage] : Product has 3 sizes
2023-27-08 16:45:55   INFO [org.example.pages.ProductPage] : Додати в кошик Element was clicked
2023-27-08 16:45:55   INFO [org.example.pages.ProductPage] : Add to cart button was clicked
2023-27-08 16:45:55   INFO [org.example.pages.ProductPage] : Element is displayed
2023-27-08 16:45:55   INFO [org.example.pages.ProductPage] : No size selected message is displayed
2023-27-08 16:45:55   INFO [org.example.pages.ProductPage] : No size selected message text is as expected
2023-27-08 16:46:56   INFO [org.example.pages.AllProductsPage] : Page https://www.mate.ua/shop was opened
2023-27-08 16:46:56   INFO [org.example.pages.AllProductsPage] : All products page was opened
2023-27-08 16:46:57   INFO [org.example.pages.AllProductsPage] : Product 'Базова футболка молочна' was opened
2023-27-08 16:46:59   INFO [org.example.pages.AllProductsPage] :  Element was clicked
2023-27-08 16:47:00   INFO [org.example.pages.ProductPage] :  Element was clicked
2023-27-08 16:47:00   INFO [org.example.pages.ProductPage] :  Element was clicked
2023-27-08 16:47:00   INFO [org.example.pages.ProductPage] :  Element was clicked
2023-27-08 16:47:00   INFO [org.example.pages.ProductPage] :  Element was clicked
2023-27-08 16:47:01   INFO [org.example.pages.ProductPage] :  Element was clicked
2023-27-08 16:47:01   INFO [org.example.pages.ProductPage] : Number of sizes is 3
2023-27-08 16:47:01   INFO [org.example.pages.ProductPage] :  Element was clicked
2023-27-08 16:47:01   INFO [org.example.pages.AllProductsPage] : Product has 3 sizes
2023-27-08 16:47:01   INFO [org.example.pages.ProductPage] : Element is not  displayed
2023-27-08 16:47:54   INFO [org.example.pages.AllProductsPage] : Page https://www.mate.ua/shop was opened
2023-27-08 16:47:54   INFO [org.example.pages.AllProductsPage] : All products page was opened
2023-27-08 16:47:54   INFO [org.example.pages.AllProductsPage] : Product 'Базова футболка молочна' was opened
2023-27-08 16:47:56   INFO [org.example.pages.AllProductsPage] :  Element was clicked
2023-27-08 16:47:58   INFO [org.example.pages.ProductPage] :  Element was clicked
2023-27-08 16:47:58   INFO [org.example.pages.ProductPage] : Number of sizes is 3
2023-27-08 16:47:58   INFO [org.example.pages.ProductPage] :  Element was clicked
2023-27-08 16:47:58   INFO [org.example.pages.AllProductsPage] : Product has 3 sizes
2023-27-08 16:47:58   INFO [org.example.pages.ProductPage] : Додати в кошик Element was clicked
2023-27-08 16:47:58   INFO [org.example.pages.ProductPage] : Add to cart button was clicked
2023-27-08 16:47:58   INFO [org.example.pages.ProductPage] : Element is displayed
2023-27-08 16:47:58   INFO [org.example.pages.ProductPage] : No size selected message is displayed
2023-27-08 16:50:13   INFO [org.example.SizeValidationTest] : ----checkSizeValidation was started----
2023-27-08 16:50:18   INFO [org.example.SizeValidationTest] : Browser was opened
2023-27-08 16:50:21   INFO [org.example.pages.AllProductsPage] : Page https://www.mate.ua/shop was opened
2023-27-08 16:50:21   INFO [org.example.pages.AllProductsPage] : All products page was opened
2023-27-08 16:50:21   INFO [org.example.pages.AllProductsPage] : Product 'Базова футболка молочна' was opened
2023-27-08 16:50:23   INFO [org.example.pages.AllProductsPage] :  Element was clicked
2023-27-08 16:50:39   INFO [org.example.pages.ProductPage] :  Element was clicked
2023-27-08 16:50:39   INFO [org.example.pages.ProductPage] : Number of sizes is 3
2023-27-08 16:50:39   INFO [org.example.pages.ProductPage] :  Element was clicked
2023-27-08 16:50:39   INFO [org.example.pages.AllProductsPage] : Product has 3 sizes
2023-27-08 16:50:39   INFO [org.example.pages.ProductPage] : Додати в кошик Element was clicked
2023-27-08 16:50:39   INFO [org.example.pages.ProductPage] : Add to cart button was clicked
2023-27-08 16:50:39   INFO [org.example.pages.ProductPage] : Element is displayed
2023-27-08 16:50:39   INFO [org.example.pages.ProductPage] : No size selected message is displayed
2023-27-08 16:50:39   INFO [org.example.pages.ProductPage] : No size selected message text is as expected
2023-27-08 16:50:40   INFO [org.example.SizeValidationTest] : Browser was closed
2023-27-08 16:50:40   INFO [org.example.SizeValidationTest] : ----checkSizeValidation was ended----
